# JRE version: OpenJDK Runtime Environment JBR-17.0.4+7-469.53-jcef (17.0.4+7) (build 17.0.4+7-b469.53)
# Java VM: OpenJDK 64-Bit Server VM JBR-17.0.4+7-469.53-jcef (17.0.4+7-b469.53, mixed mode, tiered, compressed oops, compressed class ptrs, g1 gc, windows-amd64)
GC Precious Log:
 CPUs: 4 total, 4 available
 Memory: 8094M
 Large Page Support: Disabled
 NUMA Support: Disabled
 Compressed Oops: Enabled (32-bit)
 Heap Region Size: 1M
 Heap Min Capacity: 128M
 Heap Initial Capacity: 128M
 Heap Max Capacity: 1012M
 Pre-touch: Disabled
 Parallel Workers: 4
 Concurrent Workers: 1
 Concurrent Refinement Workers: 4
 Periodic GC: Disabled
Heap:
 garbage-first heap   total 131072K, used 66642K [0x00000000c0c00000, 0x0000000100000000)
  region size 1024K, 45 young (46080K), 2 survivors (2048K)
 Metaspace       used 70627K, committed 71168K, reserved 1114112K
  class space    used 7624K, committed 7872K, reserved 1048576K
GC Heap History (18 events):
Event: 1.553 GC heap before
{Heap before GC invocations=0 (full 0):
 garbage-first heap   total 131072K, used 15360K [0x00000000c0c00000, 0x0000000100000000)
  region size 1024K, 13 young (13312K), 0 survivors (0K)
 Metaspace       used 14884K, committed 15104K, reserved 1064960K
  class space    used 1402K, committed 1472K, reserved 1048576K
}
Event: 1.562 GC heap after
{Heap after GC invocations=1 (full 0):
 garbage-first heap   total 131072K, used 6428K [0x00000000c0c00000, 0x0000000100000000)
  region size 1024K, 2 young (2048K), 2 survivors (2048K)
 Metaspace       used 14884K, committed 15104K, reserved 1064960K
  class space    used 1402K, committed 1472K, reserved 1048576K
}
Event: 1.932 GC heap before
{Heap before GC invocations=1 (full 0):
 garbage-first heap   total 131072K, used 12572K [0x00000000c0c00000, 0x0000000100000000)
  region size 1024K, 8 young (8192K), 2 survivors (2048K)
 Metaspace       used 20820K, committed 21120K, reserved 1073152K
  class space    used 2019K, committed 2112K, reserved 1048576K
}
Event: 1.939 GC heap after
{Heap after GC invocations=2 (full 0):
 garbage-first heap   total 131072K, used 8461K [0x00000000c0c00000, 0x0000000100000000)
  region size 1024K, 1 young (1024K), 1 survivors (1024K)
 Metaspace       used 20820K, committed 21120K, reserved 1073152K
  class space    used 2019K, committed 2112K, reserved 1048576K
}
Event: 1.969 GC heap before
{Heap before GC invocations=2 (full 0):
 garbage-first heap   total 131072K, used 9485K [0x00000000c0c00000, 0x0000000100000000)
  region size 1024K, 3 young (3072K), 1 survivors (1024K)
 Metaspace       used 21208K, committed 21504K, reserved 1073152K
  class space    used 2066K, committed 2240K, reserved 1048576K
}
Event: 1.972 GC heap after
{Heap after GC invocations=3 (full 0):
 garbage-first heap   total 131072K, used 8679K [0x00000000c0c00000, 0x0000000100000000)
  region size 1024K, 2 young (2048K), 2 survivors (2048K)
 Metaspace       used 21208K, committed 21504K, reserved 1073152K
  class space    used 2066K, committed 2240K, reserved 1048576K
}
Event: 4.681 GC heap before
{Heap before GC invocations=4 (full 0):
 garbage-first heap   total 131072K, used 35303K [0x00000000c0c00000, 0x0000000100000000)
  region size 1024K, 30 young (30720K), 2 survivors (2048K)
 Metaspace       used 36083K, committed 36416K, reserved 1089536K
  class space    used 3607K, committed 3776K, reserved 1048576K
}
Event: 4.693 GC heap after
{Heap after GC invocations=5 (full 0):
 garbage-first heap   total 131072K, used 15343K [0x00000000c0c00000, 0x0000000100000000)
  region size 1024K, 6 young (6144K), 6 survivors (6144K)
 Metaspace       used 36083K, committed 36416K, reserved 1089536K
  class space    used 3607K, committed 3776K, reserved 1048576K
}
Event: 4.721 GC heap before
{Heap before GC invocations=5 (full 0):
 garbage-first heap   total 131072K, used 15343K [0x00000000c0c00000, 0x0000000100000000)
  region size 1024K, 7 young (7168K), 6 survivors (6144K)
 Metaspace       used 36405K, committed 36736K, reserved 1089536K
  class space    used 3647K, committed 3776K, reserved 1048576K
}
Event: 4.732 GC heap after
{Heap after GC invocations=6 (full 0):
 garbage-first heap   total 131072K, used 15984K [0x00000000c0c00000, 0x0000000100000000)
  region size 1024K, 1 young (1024K), 1 survivors (1024K)
 Metaspace       used 36405K, committed 36736K, reserved 1089536K
  class space    used 3647K, committed 3776K, reserved 1048576K
}
Event: 4.748 GC heap before
{Heap before GC invocations=6 (full 0):
 garbage-first heap   total 131072K, used 15984K [0x00000000c0c00000, 0x0000000100000000)
  region size 1024K, 2 young (2048K), 1 survivors (1024K)
 Metaspace       used 36700K, committed 37056K, reserved 1089536K
  class space    used 3685K, committed 3840K, reserved 1048576K
}
Event: 4.750 GC heap after
{Heap after GC invocations=7 (full 0):
 garbage-first heap   total 131072K, used 15325K [0x00000000c0c00000, 0x0000000100000000)
  region size 1024K, 1 young (1024K), 1 survivors (1024K)
 Metaspace       used 36700K, committed 37056K, reserved 1089536K
  class space    used 3685K, committed 3840K, reserved 1048576K
}
Event: 20.464 GC heap before
{Heap before GC invocations=8 (full 0):
 garbage-first heap   total 131072K, used 75741K [0x00000000c0c00000, 0x0000000100000000)
  region size 1024K, 57 young (58368K), 1 survivors (1024K)
 Metaspace       used 57214K, committed 57728K, reserved 1105920K
  class space    used 6050K, committed 6272K, reserved 1048576K
}
Event: 20.476 GC heap after
{Heap after GC invocations=9 (full 0):
 garbage-first heap   total 131072K, used 22834K [0x00000000c0c00000, 0x0000000100000000)
  region size 1024K, 7 young (7168K), 7 survivors (7168K)
 Metaspace       used 57214K, committed 57728K, reserved 1105920K
  class space    used 6050K, committed 6272K, reserved 1048576K
}
Event: 20.495 GC heap before
{Heap before GC invocations=9 (full 0):
 garbage-first heap   total 131072K, used 23858K [0x00000000c0c00000, 0x0000000100000000)
  region size 1024K, 8 young (8192K), 7 survivors (7168K)
 Metaspace       used 57221K, committed 57792K, reserved 1105920K
  class space    used 6050K, committed 6272K, reserved 1048576K
}
Event: 20.504 GC heap after
{Heap after GC invocations=10 (full 0):
 garbage-first heap   total 131072K, used 23070K [0x00000000c0c00000, 0x0000000100000000)
  region size 1024K, 1 young (1024K), 1 survivors (1024K)
 Metaspace       used 57221K, committed 57792K, reserved 1105920K
  class space    used 6050K, committed 6272K, reserved 1048576K
}
Event: 305.676 GC heap before
{Heap before GC invocations=10 (full 0):
 garbage-first heap   total 131072K, used 47646K [0x00000000c0c00000, 0x0000000100000000)
  region size 1024K, 27 young (27648K), 1 survivors (1024K)
 Metaspace       used 62225K, committed 62720K, reserved 1105920K
  class space    used 6559K, committed 6784K, reserved 1048576K
}
Event: 305.680 GC heap after
{Heap after GC invocations=11 (full 0):
 garbage-first heap   total 131072K, used 23634K [0x00000000c0c00000, 0x0000000100000000)
  region size 1024K, 2 young (2048K), 2 survivors (2048K)
 Metaspace       used 62225K, committed 62720K, reserved 1105920K
  class space    used 6559K, committed 6784K, reserved 1048576K
}

